2023-02-07 12:28:04,507 INFO osmnx Configured OSMnx
2023-02-07 12:28:10,067 INFO osmnx Converting node and edge attribute data types
2023-02-07 12:28:10,976 INFO osmnx Loaded graph with 35743 nodes and 65953 edges from "../../bikenwgrowth_external/data/copenhagen/bikedata/G_carall_graphml.graphml"
2023-02-07 12:28:30,913 INFO osmnx Created nodes GeoDataFrame from graph
2023-02-07 12:28:36,431 INFO osmnx Created edges GeoDataFrame from graph
2023-02-07 12:28:39,286 INFO osmnx Begin topologically simplifying the graph...
2023-02-07 12:28:39,957 INFO osmnx Identified 7823 edge endpoints
2023-02-07 12:28:42,617 INFO osmnx Simplified graph: 35743 to 7823 nodes, 65953 to 19575 edges
2023-02-07 12:28:42,848 INFO osmnx Created nodes GeoDataFrame from graph
2023-02-07 12:28:43,878 INFO osmnx Created edges GeoDataFrame from graph
2023-02-07 12:28:54,721 INFO osmnx Saved graph as GraphML file at "../../bikenwgrowth_external/data/copenhagen/bikedata/G_carall_graphml.graphml"
2023-02-07 12:29:24,856 INFO osmnx Created nodes GeoDataFrame from graph
2023-02-07 12:29:30,266 INFO osmnx Created edges GeoDataFrame from graph
2023-02-07 12:29:33,133 INFO osmnx Begin topologically simplifying the graph...
2023-02-07 12:29:33,956 INFO osmnx Identified 7823 edge endpoints
2023-02-07 12:29:36,671 INFO osmnx Simplified graph: 35743 to 7823 nodes, 65953 to 19575 edges
2023-02-07 12:29:36,903 INFO osmnx Created nodes GeoDataFrame from graph
2023-02-07 12:29:37,741 INFO osmnx Created edges GeoDataFrame from graph
2023-02-07 12:29:48,063 INFO osmnx Saved graph as GraphML file at "../../bikenwgrowth_external/data/copenhagen/bikedata/G_carall_graphml.graphml"
2023-02-07 14:08:34,366 INFO osmnx Configured OSMnx
2023-02-07 14:42:55,010 INFO osmnx Converting node and edge attribute data types
2023-02-07 14:42:55,874 INFO osmnx Loaded graph with 35743 nodes and 65953 edges from "../../bikenwgrowth_external/data/copenhagen/bikedata/G_carall_graphml.graphml"
2023-02-07 15:10:14,772 INFO osmnx Converting node and edge attribute data types
2023-02-07 15:10:15,597 INFO osmnx Loaded graph with 35743 nodes and 65953 edges from "../../bikenwgrowth_external/data/copenhagen/bikedata/G_carall_graphml.graphml"
2023-02-07 15:12:16,848 INFO osmnx Converting node and edge attribute data types
2023-02-07 15:12:17,644 INFO osmnx Loaded graph with 35743 nodes and 65953 edges from "../../bikenwgrowth_external/data/copenhagen/bikedata/G_carall_graphml.graphml"
2023-02-07 15:19:06,425 INFO osmnx Converting node and edge attribute data types
2023-02-07 15:19:07,227 INFO osmnx Loaded graph with 35743 nodes and 65953 edges from "../../bikenwgrowth_external/data/copenhagen/bikedata/G_carall_graphml.graphml"
2023-02-07 15:40:32,353 INFO osmnx Configured OSMnx
2023-02-07 22:12:09,700 INFO osmnx Begin topologically simplifying the graph...
2023-02-07 22:12:09,704 INFO osmnx Identified 6 edge endpoints
2023-02-07 22:12:09,717 INFO osmnx Simplified graph: 232 to 6 nodes, 460 to 8 edges
2023-02-08 09:45:56,717 INFO osmnx Begin topologically simplifying the graph...
2023-02-08 09:45:56,723 INFO osmnx Identified 6 edge endpoints
2023-02-08 09:45:56,735 INFO osmnx Simplified graph: 232 to 6 nodes, 460 to 8 edges
2023-02-08 09:50:38,170 INFO osmnx Begin topologically simplifying the graph...
2023-02-08 09:50:38,174 INFO osmnx Identified 6 edge endpoints
2023-02-08 09:50:38,187 INFO osmnx Simplified graph: 232 to 6 nodes, 460 to 8 edges
2023-02-08 09:56:41,080 INFO osmnx Begin topologically simplifying the graph...
2023-02-08 09:56:41,085 INFO osmnx Identified 6 edge endpoints
2023-02-08 09:56:41,098 INFO osmnx Simplified graph: 232 to 6 nodes, 460 to 8 edges
2023-02-08 09:57:27,482 INFO osmnx Begin topologically simplifying the graph...
2023-02-08 09:57:27,485 INFO osmnx Identified 6 edge endpoints
2023-02-08 09:57:27,498 INFO osmnx Simplified graph: 232 to 6 nodes, 460 to 8 edges
2023-02-08 10:00:23,383 INFO osmnx Begin topologically simplifying the graph...
2023-02-08 10:00:23,386 INFO osmnx Identified 6 edge endpoints
2023-02-08 10:00:23,399 INFO osmnx Simplified graph: 232 to 6 nodes, 460 to 8 edges
2023-02-08 10:00:27,252 INFO osmnx Configured OSMnx
2023-02-08 10:00:44,734 INFO osmnx Begin topologically simplifying the graph...
2023-02-08 10:00:44,739 INFO osmnx Identified 6 edge endpoints
2023-02-08 10:00:44,751 INFO osmnx Simplified graph: 232 to 6 nodes, 460 to 8 edges
2023-02-08 10:07:48,434 INFO osmnx Begin topologically simplifying the graph...
2023-02-08 10:07:48,439 INFO osmnx Identified 6 edge endpoints
2023-02-08 10:07:48,451 INFO osmnx Simplified graph: 232 to 6 nodes, 460 to 8 edges
2023-02-08 10:08:58,887 INFO osmnx Begin topologically simplifying the graph...
2023-02-08 10:08:58,891 INFO osmnx Identified 6 edge endpoints
2023-02-08 10:08:58,904 INFO osmnx Simplified graph: 232 to 6 nodes, 460 to 8 edges
2023-02-08 10:10:37,142 INFO osmnx Begin topologically simplifying the graph...
2023-02-08 10:10:37,147 INFO osmnx Identified 6 edge endpoints
2023-02-08 10:10:37,160 INFO osmnx Simplified graph: 232 to 6 nodes, 460 to 8 edges
2023-02-08 10:10:40,295 INFO osmnx Begin topologically simplifying the graph...
2023-02-08 10:10:40,302 INFO osmnx Identified 10 edge endpoints
2023-02-08 10:10:40,327 INFO osmnx Simplified graph: 486 to 10 nodes, 970 to 18 edges
2023-02-08 10:10:55,907 INFO osmnx Begin topologically simplifying the graph...
2023-02-08 10:10:55,916 INFO osmnx Identified 12 edge endpoints
2023-02-08 10:10:55,949 INFO osmnx Simplified graph: 606 to 12 nodes, 1212 to 24 edges
2023-02-08 10:11:30,220 INFO osmnx Begin topologically simplifying the graph...
2023-02-08 10:11:30,226 INFO osmnx Identified 4 edge endpoints
2023-02-08 10:11:30,244 INFO osmnx Simplified graph: 326 to 4 nodes, 650 to 6 edges
2023-02-08 10:11:37,040 INFO osmnx Begin topologically simplifying the graph...
2023-02-08 10:11:37,050 INFO osmnx Identified 8 edge endpoints
2023-02-08 10:11:37,083 INFO osmnx Simplified graph: 624 to 8 nodes, 1248 to 16 edges
2023-02-08 10:11:58,805 INFO osmnx Begin topologically simplifying the graph...
2023-02-08 10:11:58,818 INFO osmnx Identified 10 edge endpoints
2023-02-08 10:11:58,861 INFO osmnx Simplified graph: 821 to 10 nodes, 1642 to 20 edges
2023-02-08 10:12:23,973 INFO osmnx Begin topologically simplifying the graph...
2023-02-08 10:12:23,989 INFO osmnx Identified 14 edge endpoints
2023-02-08 10:12:24,044 INFO osmnx Simplified graph: 1081 to 14 nodes, 2162 to 28 edges
2023-02-08 10:12:55,004 INFO osmnx Begin topologically simplifying the graph...
2023-02-08 10:12:55,023 INFO osmnx Identified 14 edge endpoints
2023-02-08 10:12:55,092 INFO osmnx Simplified graph: 1247 to 14 nodes, 2494 to 28 edges
2023-02-08 10:13:30,010 INFO osmnx Begin topologically simplifying the graph...
2023-02-08 10:13:30,034 INFO osmnx Identified 24 edge endpoints
2023-02-08 10:13:30,110 INFO osmnx Simplified graph: 1417 to 24 nodes, 2840 to 54 edges
2023-02-08 10:14:05,284 INFO osmnx Begin topologically simplifying the graph...
2023-02-08 10:14:05,312 INFO osmnx Identified 30 edge endpoints
2023-02-08 10:14:05,406 INFO osmnx Simplified graph: 1852 to 30 nodes, 3712 to 68 edges
2023-02-08 10:14:43,911 INFO osmnx Begin topologically simplifying the graph...
2023-02-08 10:14:43,940 INFO osmnx Identified 32 edge endpoints
2023-02-08 10:14:44,040 INFO osmnx Simplified graph: 1954 to 32 nodes, 3916 to 72 edges
2023-02-08 10:15:24,605 INFO osmnx Begin topologically simplifying the graph...
2023-02-08 10:15:24,638 INFO osmnx Identified 38 edge endpoints
2023-02-08 10:15:24,749 INFO osmnx Simplified graph: 2173 to 38 nodes, 4354 to 84 edges
2023-02-08 10:16:07,017 INFO osmnx Begin topologically simplifying the graph...
2023-02-08 10:16:07,057 INFO osmnx Identified 46 edge endpoints
2023-02-08 10:16:07,193 INFO osmnx Simplified graph: 2583 to 46 nodes, 5174 to 100 edges
2023-02-08 10:16:55,502 INFO osmnx Begin topologically simplifying the graph...
2023-02-08 10:16:55,546 INFO osmnx Identified 46 edge endpoints
2023-02-08 10:16:55,693 INFO osmnx Simplified graph: 2630 to 46 nodes, 5268 to 100 edges
2023-02-08 10:17:42,080 INFO osmnx Begin topologically simplifying the graph...
2023-02-08 10:17:42,124 INFO osmnx Identified 49 edge endpoints
2023-02-08 10:17:42,271 INFO osmnx Simplified graph: 2809 to 49 nodes, 5628 to 108 edges
2023-02-08 10:18:29,973 INFO osmnx Begin topologically simplifying the graph...
2023-02-08 10:18:30,019 INFO osmnx Identified 51 edge endpoints
2023-02-08 10:18:30,179 INFO osmnx Simplified graph: 2989 to 51 nodes, 5990 to 114 edges
2023-02-08 10:19:19,347 INFO osmnx Begin topologically simplifying the graph...
2023-02-08 10:19:19,398 INFO osmnx Identified 59 edge endpoints
2023-02-08 10:19:19,562 INFO osmnx Simplified graph: 3170 to 59 nodes, 6356 to 134 edges
2023-02-08 10:20:09,980 INFO osmnx Begin topologically simplifying the graph...
2023-02-08 10:20:10,033 INFO osmnx Identified 75 edge endpoints
2023-02-08 10:20:10,213 INFO osmnx Simplified graph: 3465 to 75 nodes, 6964 to 184 edges
2023-02-08 10:21:02,138 INFO osmnx Begin topologically simplifying the graph...
2023-02-08 10:21:02,578 INFO osmnx Identified 77 edge endpoints
2023-02-08 10:21:02,769 INFO osmnx Simplified graph: 3588 to 77 nodes, 7214 to 192 edges
2023-02-08 10:21:55,115 INFO osmnx Begin topologically simplifying the graph...
2023-02-08 10:21:55,175 INFO osmnx Identified 85 edge endpoints
2023-02-08 10:21:55,376 INFO osmnx Simplified graph: 3816 to 85 nodes, 7676 to 214 edges
2023-02-08 10:22:50,767 INFO osmnx Begin topologically simplifying the graph...
2023-02-08 10:22:50,833 INFO osmnx Identified 97 edge endpoints
2023-02-08 10:22:51,057 INFO osmnx Simplified graph: 3999 to 97 nodes, 8054 to 250 edges
2023-02-08 10:23:45,318 INFO osmnx Begin topologically simplifying the graph...
2023-02-08 10:23:45,382 INFO osmnx Identified 97 edge endpoints
2023-02-08 10:23:45,592 INFO osmnx Simplified graph: 3999 to 97 nodes, 8054 to 250 edges
2023-02-08 10:24:40,986 INFO osmnx Begin topologically simplifying the graph...
2023-02-08 10:24:41,052 INFO osmnx Identified 101 edge endpoints
2023-02-08 10:24:41,278 INFO osmnx Simplified graph: 4192 to 101 nodes, 8446 to 264 edges
2023-02-08 10:25:39,855 INFO osmnx Begin topologically simplifying the graph...
2023-02-08 10:25:39,924 INFO osmnx Identified 105 edge endpoints
2023-02-08 10:25:40,152 INFO osmnx Simplified graph: 4332 to 105 nodes, 8730 to 276 edges
2023-02-08 10:26:36,818 INFO osmnx Begin topologically simplifying the graph...
2023-02-08 10:26:36,889 INFO osmnx Identified 115 edge endpoints
2023-02-08 10:26:37,125 INFO osmnx Simplified graph: 4426 to 115 nodes, 8928 to 306 edges
2023-02-08 10:27:34,871 INFO osmnx Begin topologically simplifying the graph...
2023-02-08 10:27:34,944 INFO osmnx Identified 120 edge endpoints
2023-02-08 10:27:35,190 INFO osmnx Simplified graph: 4630 to 120 nodes, 9342 to 322 edges
2023-02-08 10:28:34,179 INFO osmnx Begin topologically simplifying the graph...
2023-02-08 10:28:34,253 INFO osmnx Identified 120 edge endpoints
2023-02-08 10:28:34,905 INFO osmnx Simplified graph: 4630 to 120 nodes, 9342 to 322 edges
2023-02-08 10:29:34,243 INFO osmnx Begin topologically simplifying the graph...
2023-02-08 10:29:34,320 INFO osmnx Identified 140 edge endpoints
2023-02-08 10:29:34,584 INFO osmnx Simplified graph: 4806 to 140 nodes, 9712 to 380 edges
2023-02-08 10:30:35,280 INFO osmnx Begin topologically simplifying the graph...
2023-02-08 10:30:35,358 INFO osmnx Identified 149 edge endpoints
2023-02-08 10:30:35,624 INFO osmnx Simplified graph: 4952 to 149 nodes, 10014 to 408 edges
2023-02-08 10:31:36,870 INFO osmnx Begin topologically simplifying the graph...
2023-02-08 10:31:36,950 INFO osmnx Identified 153 edge endpoints
2023-02-08 10:31:37,223 INFO osmnx Simplified graph: 5072 to 153 nodes, 10258 to 420 edges
2023-02-08 10:32:39,709 INFO osmnx Begin topologically simplifying the graph...
2023-02-08 10:32:39,789 INFO osmnx Identified 156 edge endpoints
2023-02-08 10:32:40,068 INFO osmnx Simplified graph: 5157 to 156 nodes, 10432 to 430 edges
2023-02-08 10:33:42,432 INFO osmnx Begin topologically simplifying the graph...
2023-02-08 10:33:42,517 INFO osmnx Identified 162 edge endpoints
2023-02-08 10:33:42,802 INFO osmnx Simplified graph: 5302 to 162 nodes, 10730 to 450 edges
2023-02-08 10:34:45,931 INFO osmnx Begin topologically simplifying the graph...
2023-02-08 10:34:46,018 INFO osmnx Identified 168 edge endpoints
2023-02-08 10:34:46,314 INFO osmnx Simplified graph: 5414 to 168 nodes, 10960 to 468 edges
2023-02-08 10:35:51,648 INFO osmnx Begin topologically simplifying the graph...
2023-02-08 10:35:51,755 INFO osmnx Identified 174 edge endpoints
2023-02-08 10:35:52,053 INFO osmnx Simplified graph: 5522 to 174 nodes, 11182 to 486 edges
2023-02-08 10:36:58,363 INFO osmnx Begin topologically simplifying the graph...
2023-02-08 10:36:58,458 INFO osmnx Identified 196 edge endpoints
2023-02-08 10:36:58,787 INFO osmnx Simplified graph: 5851 to 196 nodes, 11864 to 554 edges
2023-02-08 10:38:06,770 INFO osmnx Begin topologically simplifying the graph...
2023-02-08 10:38:06,866 INFO osmnx Identified 196 edge endpoints
2023-02-08 10:38:07,186 INFO osmnx Simplified graph: 5851 to 196 nodes, 11864 to 554 edges
2023-02-08 10:39:15,572 INFO osmnx Begin topologically simplifying the graph...
2023-02-08 10:39:15,668 INFO osmnx Identified 196 edge endpoints
2023-02-08 10:39:15,989 INFO osmnx Simplified graph: 5851 to 196 nodes, 11864 to 554 edges
2023-02-08 10:40:24,351 INFO osmnx Begin topologically simplifying the graph...
2023-02-08 10:40:24,451 INFO osmnx Identified 223 edge endpoints
2023-02-08 10:40:24,789 INFO osmnx Simplified graph: 6195 to 223 nodes, 12582 to 638 edges
2023-02-08 10:41:35,136 INFO osmnx Begin topologically simplifying the graph...
2023-02-08 10:41:35,626 INFO osmnx Identified 223 edge endpoints
2023-02-08 10:41:35,972 INFO osmnx Simplified graph: 6195 to 223 nodes, 12582 to 638 edges
2023-02-08 10:42:46,648 INFO osmnx Begin topologically simplifying the graph...
2023-02-08 10:42:46,763 INFO osmnx Identified 251 edge endpoints
2023-02-08 10:42:47,125 INFO osmnx Simplified graph: 6608 to 251 nodes, 13442 to 728 edges
2023-02-08 10:44:02,003 INFO osmnx Begin topologically simplifying the graph...
2023-02-08 10:44:02,109 INFO osmnx Identified 251 edge endpoints
2023-02-08 10:44:02,473 INFO osmnx Simplified graph: 6608 to 251 nodes, 13442 to 728 edges
2023-02-08 10:45:17,835 INFO osmnx Begin topologically simplifying the graph...
2023-02-08 10:45:17,945 INFO osmnx Identified 251 edge endpoints
2023-02-08 10:45:18,307 INFO osmnx Simplified graph: 6608 to 251 nodes, 13442 to 728 edges
2023-02-08 10:46:32,413 INFO osmnx Begin topologically simplifying the graph...
2023-02-08 10:46:32,523 INFO osmnx Identified 251 edge endpoints
2023-02-08 10:46:32,890 INFO osmnx Simplified graph: 6608 to 251 nodes, 13442 to 728 edges
2023-02-08 10:47:47,419 INFO osmnx Begin topologically simplifying the graph...
2023-02-08 10:47:47,462 INFO osmnx Identified 60 edge endpoints
2023-02-08 10:47:47,611 INFO osmnx Simplified graph: 2880 to 60 nodes, 5768 to 128 edges
2023-02-08 13:31:35,449 INFO osmnx Configured OSMnx
2023-02-08 15:17:20,982 INFO osmnx Configured OSMnx
2023-02-08 15:18:22,556 INFO osmnx Configured OSMnx
2023-02-08 15:24:24,320 INFO osmnx Begin topologically simplifying the graph...
2023-02-08 15:24:24,697 INFO osmnx Identified 2592 edge endpoints
2023-02-08 15:24:25,997 INFO osmnx Simplified graph: 19533 to 2592 nodes, 39752 to 5870 edges
2023-02-08 15:24:32,672 INFO osmnx Begin topologically simplifying the graph...
2023-02-08 15:24:33,373 INFO osmnx Identified 7719 edge endpoints
2023-02-08 15:24:36,718 INFO osmnx Simplified graph: 35743 to 7719 nodes, 78818 to 22770 edges
2023-02-08 15:24:45,730 INFO osmnx Begin topologically simplifying the graph...
2023-02-08 15:24:46,147 INFO osmnx Identified 3488 edge endpoints
2023-02-08 15:24:47,628 INFO osmnx Simplified graph: 22237 to 3488 nodes, 45246 to 7748 edges
2023-02-08 15:24:55,977 INFO osmnx Begin topologically simplifying the graph...
2023-02-08 15:24:57,362 INFO osmnx Identified 9505 edge endpoints
2023-02-08 15:25:00,800 INFO osmnx Simplified graph: 44030 to 9505 nodes, 97496 to 28446 edges
2023-02-08 15:26:46,524 INFO osmnx Begin topologically simplifying the graph...
2023-02-08 15:26:47,543 INFO osmnx Identified 2592 edge endpoints
2023-02-08 15:26:48,828 INFO osmnx Simplified graph: 19533 to 2592 nodes, 39752 to 5870 edges
2023-02-08 15:26:50,733 INFO osmnx Begin topologically simplifying the graph...
2023-02-08 15:26:52,033 INFO osmnx Identified 7719 edge endpoints
2023-02-08 15:26:54,806 INFO osmnx Simplified graph: 35743 to 7719 nodes, 78818 to 22770 edges
2023-02-08 15:28:53,974 INFO osmnx Begin topologically simplifying the graph...
2023-02-08 15:28:54,338 INFO osmnx Identified 3488 edge endpoints
2023-02-08 15:28:56,467 INFO osmnx Simplified graph: 22237 to 3488 nodes, 45246 to 7748 edges
2023-02-08 15:29:02,458 INFO osmnx Begin topologically simplifying the graph...
2023-02-08 15:29:02,770 INFO osmnx Identified 2592 edge endpoints
2023-02-08 15:29:03,979 INFO osmnx Simplified graph: 19533 to 2592 nodes, 39752 to 5870 edges
2023-02-08 16:12:54,579 INFO osmnx Begin topologically simplifying the graph...
2023-02-08 16:12:55,750 INFO osmnx Identified 7719 edge endpoints
2023-02-08 16:12:58,352 INFO osmnx Simplified graph: 35743 to 7719 nodes, 78818 to 22770 edges
2023-02-08 16:14:41,974 INFO osmnx Begin topologically simplifying the graph...
2023-02-08 16:14:42,328 INFO osmnx Identified 3488 edge endpoints
2023-02-08 16:14:43,682 INFO osmnx Simplified graph: 22237 to 3488 nodes, 45246 to 7748 edges
2023-02-08 16:17:03,766 INFO osmnx Begin topologically simplifying the graph...
2023-02-08 16:17:04,524 INFO osmnx Identified 9505 edge endpoints
2023-02-08 16:17:07,694 INFO osmnx Simplified graph: 44030 to 9505 nodes, 97496 to 28446 edges
2023-02-08 16:20:20,513 INFO osmnx Begin topologically simplifying the graph...
2023-02-08 16:20:21,165 INFO osmnx Identified 1007 edge endpoints
2023-02-08 16:20:21,769 INFO osmnx Simplified graph: 10433 to 1007 nodes, 21074 to 2222 edges
2023-02-08 16:21:27,635 INFO osmnx Begin topologically simplifying the graph...
2023-02-08 16:21:28,288 INFO osmnx Identified 2132 edge endpoints
2023-02-08 16:21:28,945 INFO osmnx Simplified graph: 10863 to 2132 nodes, 21202 to 3740 edges
2023-02-08 16:22:02,723 INFO osmnx Configured OSMnx
2023-02-08 16:22:11,311 INFO osmnx Begin topologically simplifying the graph...
2023-02-08 16:22:11,316 INFO osmnx Identified 4 edge endpoints
2023-02-08 16:22:11,334 INFO osmnx Simplified graph: 326 to 4 nodes, 650 to 6 edges
2023-02-08 16:22:17,984 INFO osmnx Begin topologically simplifying the graph...
2023-02-08 16:22:17,993 INFO osmnx Identified 8 edge endpoints
2023-02-08 16:22:18,025 INFO osmnx Simplified graph: 624 to 8 nodes, 1248 to 16 edges
2023-02-08 16:22:38,850 INFO osmnx Begin topologically simplifying the graph...
2023-02-08 16:22:38,863 INFO osmnx Identified 10 edge endpoints
2023-02-08 16:22:38,907 INFO osmnx Simplified graph: 821 to 10 nodes, 1642 to 20 edges
2023-02-08 16:23:03,769 INFO osmnx Begin topologically simplifying the graph...
2023-02-08 16:23:03,785 INFO osmnx Identified 14 edge endpoints
2023-02-08 16:23:03,838 INFO osmnx Simplified graph: 1081 to 14 nodes, 2162 to 28 edges
2023-02-08 16:23:34,543 INFO osmnx Begin topologically simplifying the graph...
2023-02-08 16:23:34,560 INFO osmnx Identified 14 edge endpoints
2023-02-08 16:23:34,623 INFO osmnx Simplified graph: 1247 to 14 nodes, 2494 to 28 edges
2023-02-08 16:24:10,155 INFO osmnx Begin topologically simplifying the graph...
2023-02-08 16:24:10,174 INFO osmnx Identified 24 edge endpoints
2023-02-08 16:24:10,244 INFO osmnx Simplified graph: 1417 to 24 nodes, 2840 to 54 edges
2023-02-08 16:24:44,671 INFO osmnx Begin topologically simplifying the graph...
2023-02-08 16:24:44,699 INFO osmnx Identified 30 edge endpoints
2023-02-08 16:24:44,790 INFO osmnx Simplified graph: 1854 to 30 nodes, 3716 to 68 edges
2023-02-08 16:25:22,083 INFO osmnx Begin topologically simplifying the graph...
2023-02-08 16:25:22,113 INFO osmnx Identified 32 edge endpoints
2023-02-08 16:25:22,216 INFO osmnx Simplified graph: 1956 to 32 nodes, 3920 to 72 edges
2023-02-08 16:26:02,591 INFO osmnx Begin topologically simplifying the graph...
2023-02-08 16:26:02,624 INFO osmnx Identified 38 edge endpoints
2023-02-08 16:26:02,735 INFO osmnx Simplified graph: 2175 to 38 nodes, 4358 to 84 edges
2023-02-08 16:26:44,609 INFO osmnx Begin topologically simplifying the graph...
2023-02-08 16:26:44,647 INFO osmnx Identified 46 edge endpoints
2023-02-08 16:26:44,784 INFO osmnx Simplified graph: 2587 to 46 nodes, 5182 to 100 edges
2023-02-08 16:27:32,146 INFO osmnx Begin topologically simplifying the graph...
2023-02-08 16:27:32,186 INFO osmnx Identified 46 edge endpoints
2023-02-08 16:27:32,326 INFO osmnx Simplified graph: 2634 to 46 nodes, 5276 to 100 edges
2023-02-08 16:28:18,604 INFO osmnx Begin topologically simplifying the graph...
2023-02-08 16:28:18,648 INFO osmnx Identified 49 edge endpoints
2023-02-08 16:28:18,797 INFO osmnx Simplified graph: 2813 to 49 nodes, 5636 to 108 edges
2023-02-08 16:29:06,652 INFO osmnx Begin topologically simplifying the graph...
2023-02-08 16:29:07,173 INFO osmnx Identified 51 edge endpoints
2023-02-08 16:29:07,326 INFO osmnx Simplified graph: 2993 to 51 nodes, 5998 to 114 edges
2023-02-08 16:29:56,951 INFO osmnx Begin topologically simplifying the graph...
2023-02-08 16:29:57,005 INFO osmnx Identified 59 edge endpoints
2023-02-08 16:29:57,176 INFO osmnx Simplified graph: 3174 to 59 nodes, 6364 to 134 edges
2023-02-08 16:30:46,424 INFO osmnx Begin topologically simplifying the graph...
2023-02-08 16:30:46,476 INFO osmnx Identified 75 edge endpoints
2023-02-08 16:30:46,658 INFO osmnx Simplified graph: 3469 to 75 nodes, 6972 to 184 edges
2023-02-08 16:31:39,122 INFO osmnx Begin topologically simplifying the graph...
2023-02-08 16:31:39,185 INFO osmnx Identified 77 edge endpoints
2023-02-08 16:31:39,374 INFO osmnx Simplified graph: 3592 to 77 nodes, 7222 to 192 edges
2023-02-08 16:32:31,362 INFO osmnx Begin topologically simplifying the graph...
2023-02-08 16:32:31,421 INFO osmnx Identified 85 edge endpoints
2023-02-08 16:32:31,620 INFO osmnx Simplified graph: 3820 to 85 nodes, 7684 to 214 edges
2023-02-08 16:33:25,688 INFO osmnx Begin topologically simplifying the graph...
2023-02-08 16:33:25,750 INFO osmnx Identified 97 edge endpoints
2023-02-08 16:33:25,963 INFO osmnx Simplified graph: 4003 to 97 nodes, 8062 to 250 edges
2023-02-08 16:34:19,823 INFO osmnx Begin topologically simplifying the graph...
2023-02-08 16:34:19,885 INFO osmnx Identified 97 edge endpoints
2023-02-08 16:34:20,097 INFO osmnx Simplified graph: 4003 to 97 nodes, 8062 to 250 edges
2023-02-08 16:35:14,640 INFO osmnx Begin topologically simplifying the graph...
2023-02-08 16:35:14,707 INFO osmnx Identified 101 edge endpoints
2023-02-08 16:35:14,937 INFO osmnx Simplified graph: 4196 to 101 nodes, 8454 to 264 edges
2023-02-08 16:36:11,087 INFO osmnx Begin topologically simplifying the graph...
2023-02-08 16:36:11,155 INFO osmnx Identified 105 edge endpoints
2023-02-08 16:36:11,379 INFO osmnx Simplified graph: 4336 to 105 nodes, 8738 to 276 edges
2023-02-08 16:37:09,024 INFO osmnx Begin topologically simplifying the graph...
2023-02-08 16:37:09,097 INFO osmnx Identified 115 edge endpoints
2023-02-08 16:37:09,330 INFO osmnx Simplified graph: 4430 to 115 nodes, 8936 to 306 edges
2023-02-08 16:38:08,117 INFO osmnx Begin topologically simplifying the graph...
2023-02-08 16:38:08,195 INFO osmnx Identified 120 edge endpoints
2023-02-08 16:38:08,446 INFO osmnx Simplified graph: 4635 to 120 nodes, 9352 to 322 edges
2023-02-08 16:39:10,773 INFO osmnx Begin topologically simplifying the graph...
2023-02-08 16:39:10,853 INFO osmnx Identified 120 edge endpoints
2023-02-08 16:39:11,105 INFO osmnx Simplified graph: 4635 to 120 nodes, 9352 to 322 edges
2023-02-08 16:40:12,912 INFO osmnx Begin topologically simplifying the graph...
2023-02-08 16:40:12,994 INFO osmnx Identified 140 edge endpoints
2023-02-08 16:40:13,259 INFO osmnx Simplified graph: 4811 to 140 nodes, 9722 to 380 edges
2023-02-08 16:41:16,810 INFO osmnx Begin topologically simplifying the graph...
2023-02-08 16:41:16,896 INFO osmnx Identified 149 edge endpoints
2023-02-08 16:41:17,169 INFO osmnx Simplified graph: 4957 to 149 nodes, 10024 to 408 edges
2023-02-08 16:42:21,138 INFO osmnx Begin topologically simplifying the graph...
2023-02-08 16:42:21,225 INFO osmnx Identified 153 edge endpoints
2023-02-08 16:42:21,506 INFO osmnx Simplified graph: 5077 to 153 nodes, 10268 to 420 edges
2023-02-08 16:43:26,885 INFO osmnx Begin topologically simplifying the graph...
2023-02-08 16:43:26,979 INFO osmnx Identified 156 edge endpoints
2023-02-08 16:43:27,267 INFO osmnx Simplified graph: 5162 to 156 nodes, 10442 to 430 edges
2023-02-08 16:44:32,529 INFO osmnx Begin topologically simplifying the graph...
2023-02-08 16:44:32,615 INFO osmnx Identified 162 edge endpoints
2023-02-08 16:44:32,915 INFO osmnx Simplified graph: 5308 to 162 nodes, 10742 to 450 edges
2023-02-08 16:45:40,756 INFO osmnx Begin topologically simplifying the graph...
2023-02-08 16:45:40,847 INFO osmnx Identified 168 edge endpoints
2023-02-08 16:45:41,153 INFO osmnx Simplified graph: 5420 to 168 nodes, 10972 to 468 edges
2023-02-08 16:46:49,373 INFO osmnx Begin topologically simplifying the graph...
2023-02-08 16:46:49,467 INFO osmnx Identified 174 edge endpoints
2023-02-08 16:46:49,775 INFO osmnx Simplified graph: 5528 to 174 nodes, 11194 to 486 edges
2023-02-08 16:47:58,470 INFO osmnx Begin topologically simplifying the graph...
2023-02-08 16:47:58,569 INFO osmnx Identified 196 edge endpoints
2023-02-08 16:47:58,899 INFO osmnx Simplified graph: 5857 to 196 nodes, 11876 to 554 edges
2023-02-08 16:49:10,498 INFO osmnx Begin topologically simplifying the graph...
2023-02-08 16:49:10,596 INFO osmnx Identified 196 edge endpoints
2023-02-08 16:49:10,920 INFO osmnx Simplified graph: 5857 to 196 nodes, 11876 to 554 edges
2023-02-08 16:50:23,081 INFO osmnx Begin topologically simplifying the graph...
2023-02-08 16:50:23,180 INFO osmnx Identified 196 edge endpoints
2023-02-08 16:50:23,504 INFO osmnx Simplified graph: 5857 to 196 nodes, 11876 to 554 edges
2023-02-08 16:51:34,465 INFO osmnx Begin topologically simplifying the graph...
2023-02-08 16:51:34,568 INFO osmnx Identified 223 edge endpoints
2023-02-08 16:51:34,914 INFO osmnx Simplified graph: 6202 to 223 nodes, 12596 to 638 edges
2023-02-08 16:52:49,804 INFO osmnx Begin topologically simplifying the graph...
2023-02-08 16:52:49,907 INFO osmnx Identified 223 edge endpoints
2023-02-08 16:52:50,251 INFO osmnx Simplified graph: 6202 to 223 nodes, 12596 to 638 edges
2023-02-08 16:54:05,436 INFO osmnx Begin topologically simplifying the graph...
2023-02-08 16:54:05,546 INFO osmnx Identified 251 edge endpoints
2023-02-08 16:54:05,926 INFO osmnx Simplified graph: 6616 to 251 nodes, 13458 to 728 edges
2023-02-08 16:55:24,553 INFO osmnx Begin topologically simplifying the graph...
2023-02-08 16:55:24,665 INFO osmnx Identified 251 edge endpoints
2023-02-08 16:55:25,036 INFO osmnx Simplified graph: 6616 to 251 nodes, 13458 to 728 edges
2023-02-08 16:56:42,959 INFO osmnx Begin topologically simplifying the graph...
2023-02-08 16:56:43,068 INFO osmnx Identified 251 edge endpoints
2023-02-08 16:56:43,441 INFO osmnx Simplified graph: 6616 to 251 nodes, 13458 to 728 edges
2023-02-08 16:58:02,412 INFO osmnx Begin topologically simplifying the graph...
2023-02-08 16:58:02,524 INFO osmnx Identified 251 edge endpoints
2023-02-08 16:58:02,900 INFO osmnx Simplified graph: 6616 to 251 nodes, 13458 to 728 edges
2023-02-08 16:59:20,723 INFO osmnx Begin topologically simplifying the graph...
2023-02-08 16:59:21,327 INFO osmnx Identified 60 edge endpoints
2023-02-08 16:59:21,483 INFO osmnx Simplified graph: 2882 to 60 nodes, 5772 to 128 edges
2023-02-09 11:41:18,204 INFO osmnx Configured OSMnx
2023-02-09 11:48:33,053 INFO osmnx Configured OSMnx
2023-02-09 13:21:44,676 INFO osmnx Configured OSMnx
2023-02-09 13:23:37,658 INFO osmnx Configured OSMnx
2023-02-09 13:34:49,958 INFO osmnx Configured OSMnx
2023-02-09 13:36:16,734 INFO osmnx Configured OSMnx
2023-02-09 13:37:23,485 INFO osmnx Configured OSMnx
2023-02-09 13:39:46,489 INFO osmnx Configured OSMnx
2023-02-09 13:51:42,465 INFO osmnx Configured OSMnx
2023-02-15 12:30:14,198 INFO osmnx Configured OSMnx
2023-02-15 12:33:23,034 INFO osmnx Configured OSMnx
