{"level":"info","message":"Connected to Redis","timestamp":"2023-09-20 12:13:06"}
{"level":"info","message":"Redis client is now ready","timestamp":"2023-09-20 12:13:06"}
{"level":"info","message":"API counter reset.","timestamp":"2023-09-20 12:13:06"}
{"level":"info","message":"Server is running on port 3000","timestamp":"2023-09-20 12:13:06"}
{"level":"info","message":"Cache hit for city ID 2618425 with unit metric.","timestamp":"2023-09-20 12:13:17"}
{"level":"info","message":"Cache hit for city ID 3621849 with unit metric.","timestamp":"2023-09-20 12:13:17"}
{"level":"info","message":"Cache hit for city ID 3133880 with unit metric.","timestamp":"2023-09-20 12:13:17"}
{"level":"info","message":"Successfully fetched filtered cities","timestamp":"2023-09-20 12:13:17"}
{"level":"info","message":"Cache hit for city ID 2618425 with unit metric.","timestamp":"2023-09-20 12:13:26"}
{"level":"info","message":"Cache hit for city ID 3621849 with unit metric.","timestamp":"2023-09-20 12:13:26"}
{"level":"info","message":"Cache hit for city ID 3133880 with unit metric.","timestamp":"2023-09-20 12:13:26"}
{"level":"info","message":"Successfully fetched filtered cities","timestamp":"2023-09-20 12:13:26"}
{"level":"info","message":"Cache hit for city ID 2618425 with unit metric.","timestamp":"2023-09-20 12:13:49"}
{"level":"info","message":"Successfully fetched weather for city ID: 2618425","timestamp":"2023-09-20 12:13:49"}
{"level":"info","message":"Cache hit for city ID 2618425 with unit metric.","timestamp":"2023-09-20 12:14:00"}
{"level":"info","message":"Successfully fetched weather for city ID: 2618425","timestamp":"2023-09-20 12:14:00"}
{"level":"info","message":"Cache hit for city ID 2618425 with unit metric.","timestamp":"2023-09-20 12:14:03"}
{"level":"info","message":"Successfully fetched weather for city ID: 2618425","timestamp":"2023-09-20 12:14:03"}
{"level":"error","message":"Error fetching weather data for city ID 268425: Request failed with status code 404","timestamp":"2023-09-20 12:14:57"}
{"level":"error","message":"Error in getCityWeather: AxiosError: Request failed with status code 404","timestamp":"2023-09-20 12:14:57"}
{"level":"info","message":"Cache hit for city ID 2618425 with unit metric.","timestamp":"2023-09-20 12:15:21"}
{"level":"info","message":"Successfully fetched weather for city ID: 2618425","timestamp":"2023-09-20 12:15:21"}
{"level":"info","message":"Cache hit for city ID 2618425 with unit metric.","timestamp":"2023-09-20 12:15:23"}
{"level":"info","message":"Successfully fetched weather for city ID: 2618425","timestamp":"2023-09-20 12:15:23"}
{"level":"info","message":"Cache hit for city ID 2618425 with unit metric.","timestamp":"2023-09-20 12:15:34"}
{"level":"info","message":"Successfully fetched weather for city ID: 2618425","timestamp":"2023-09-20 12:15:34"}
{"level":"error","message":"Error fetching weather data for city ID 268425: Request failed with status code 404","timestamp":"2023-09-20 12:15:46"}
{"level":"error","message":"Error in getCityWeather: AxiosError: Request failed with status code 404","timestamp":"2023-09-20 12:15:46"}
{"level":"info","message":"Cache hit for city ID 2618425 with unit metric.","timestamp":"2023-09-20 12:15:48"}
{"level":"info","message":"Successfully fetched weather for city ID: 2618425","timestamp":"2023-09-20 12:15:48"}
{"level":"info","message":"Cache hit for city ID 2618425 with unit metric.","timestamp":"2023-09-20 12:15:55"}
{"level":"info","message":"Cache hit for city ID 3621849 with unit metric.","timestamp":"2023-09-20 12:15:55"}
{"level":"info","message":"Cache hit for city ID 3133880 with unit metric.","timestamp":"2023-09-20 12:15:55"}
{"level":"info","message":"Successfully fetched filtered cities","timestamp":"2023-09-20 12:15:55"}
{"level":"info","message":"Cache hit for city ID 2618425 with unit metric.","timestamp":"2023-09-20 12:15:57"}
{"level":"info","message":"Cache hit for city ID 3621849 with unit metric.","timestamp":"2023-09-20 12:15:57"}
{"level":"info","message":"Cache hit for city ID 3133880 with unit metric.","timestamp":"2023-09-20 12:15:57"}
{"level":"info","message":"Successfully fetched filtered cities","timestamp":"2023-09-20 12:15:57"}
{"level":"info","message":"Cache hit for city ID 2618425 with unit metric.","timestamp":"2023-09-20 12:16:00"}
{"level":"info","message":"Cache hit for city ID 3621849 with unit metric.","timestamp":"2023-09-20 12:16:00"}
{"level":"info","message":"Cache hit for city ID 3133880 with unit metric.","timestamp":"2023-09-20 12:16:00"}
{"level":"info","message":"Successfully fetched filtered cities","timestamp":"2023-09-20 12:16:00"}
{"level":"info","message":"Cache hit for city ID 2618425 with unit metric.","timestamp":"2023-09-20 12:16:28"}
{"level":"info","message":"Cache hit for city ID 3621849 with unit metric.","timestamp":"2023-09-20 12:16:28"}
{"level":"info","message":"Cache hit for city ID 3133880 with unit metric.","timestamp":"2023-09-20 12:16:28"}
{"level":"info","message":"Successfully fetched filtered cities","timestamp":"2023-09-20 12:16:28"}
{"level":"info","message":"Connected to Redis","timestamp":"2023-09-20 12:17:19"}
{"level":"info","message":"Redis client is now ready","timestamp":"2023-09-20 12:17:19"}
{"level":"info","message":"API counter reset.","timestamp":"2023-09-20 12:17:19"}
{"level":"info","message":"Server is running on port 3000","timestamp":"2023-09-20 12:17:19"}
{"level":"info","message":"Cache hit for city ID 2618425 with unit metric.","timestamp":"2023-09-20 12:17:23"}
{"level":"info","message":"Cache hit for city ID 3621849 with unit metric.","timestamp":"2023-09-20 12:17:23"}
{"level":"info","message":"Cache hit for city ID 3133880 with unit metric.","timestamp":"2023-09-20 12:17:23"}
{"level":"info","message":"Cache hit for city ID 2618425 with unit metric.","timestamp":"2023-09-20 13:01:06"}
{"level":"info","message":"Cache hit for city ID 3621849 with unit metric.","timestamp":"2023-09-20 13:01:06"}
{"level":"info","message":"Cache hit for city ID 3133880 with unit metric.","timestamp":"2023-09-20 13:01:06"}
{"level":"info","message":"Connected to Redis","timestamp":"2023-09-20 13:18:01"}
{"level":"info","message":"Redis client is now ready","timestamp":"2023-09-20 13:18:01"}
{"level":"info","message":"API counter reset.","timestamp":"2023-09-20 13:18:01"}
{"level":"info","message":"Server is running on port 3000","timestamp":"2023-09-20 13:18:01"}
{"level":"info","message":"Cache hit for city ID 2618425 with unit metric.","timestamp":"2023-09-20 13:18:05"}
{"level":"info","message":"Successfully fetched weather for city ID: 2618425","timestamp":"2023-09-20 13:18:05"}
{"level":"info","message":"Connected to Redis","timestamp":"2023-09-20 13:20:26"}
{"level":"info","message":"Redis client is now ready","timestamp":"2023-09-20 13:20:26"}
{"level":"info","message":"API counter reset.","timestamp":"2023-09-20 13:20:26"}
{"level":"info","message":"Fetched and cached weather data for city ID Test City with unit metric.","timestamp":"2023-09-20 13:20:26"}
{"level":"info","message":"Cache hit for city ID Test City with unit metric.","timestamp":"2023-09-20 13:20:26"}
{"level":"info","message":"Connected to Redis","timestamp":"2023-09-20 13:21:21"}
{"level":"info","message":"Redis client is now ready","timestamp":"2023-09-20 13:21:21"}
{"level":"info","message":"API counter reset.","timestamp":"2023-09-20 13:21:21"}
{"level":"info","message":"Fetched and cached weather data for city ID Copenhagen with unit metric.","timestamp":"2023-09-20 13:21:21"}
{"level":"info","message":"Cache hit for city ID Test City with unit metric.","timestamp":"2023-09-20 13:21:21"}
{"level":"info","message":"Connected to Redis","timestamp":"2023-09-20 13:24:05"}
{"level":"info","message":"Redis client is now ready","timestamp":"2023-09-20 13:24:05"}
{"level":"info","message":"API counter reset.","timestamp":"2023-09-20 13:24:05"}
{"level":"info","message":"Cache hit for city ID 2618425 with unit metric.","timestamp":"2023-09-20 13:24:05"}
{"level":"info","message":"Cache hit for city ID Test City with unit metric.","timestamp":"2023-09-20 13:24:05"}
{"level":"info","message":"Connected to Redis","timestamp":"2023-09-20 13:25:59"}
{"level":"info","message":"Redis client is now ready","timestamp":"2023-09-20 13:25:59"}
{"level":"info","message":"API counter reset.","timestamp":"2023-09-20 13:25:59"}
{"level":"info","message":"Cache hit for city ID 2618425 with unit metric.","timestamp":"2023-09-20 13:25:59"}
{"level":"info","message":"Cache hit for city ID Test City with unit metric.","timestamp":"2023-09-20 13:25:59"}
{"level":"info","message":"Connected to Redis","timestamp":"2023-09-20 13:28:11"}
{"level":"info","message":"Redis client is now ready","timestamp":"2023-09-20 13:28:11"}
{"level":"info","message":"API counter reset.","timestamp":"2023-09-20 13:28:11"}
{"level":"info","message":"Cache hit for city ID 2618425 with unit metric.","timestamp":"2023-09-20 13:28:11"}
{"level":"info","message":"Cache hit for city ID Test City with unit metric.","timestamp":"2023-09-20 13:28:11"}
{"level":"info","message":"Connected to Redis","timestamp":"2023-09-20 13:29:39"}
{"level":"info","message":"Redis client is now ready","timestamp":"2023-09-20 13:29:39"}
{"level":"info","message":"API counter reset.","timestamp":"2023-09-20 13:29:39"}
{"level":"info","message":"Cache hit for city ID Test City with unit metric.","timestamp":"2023-09-20 13:29:39"}
{"level":"info","message":"Connected to Redis","timestamp":"2023-09-20 13:30:13"}
{"level":"info","message":"Redis client is now ready","timestamp":"2023-09-20 13:30:13"}
{"level":"info","message":"API counter reset.","timestamp":"2023-09-20 13:30:13"}
{"level":"info","message":"Cache hit for city ID 2618425 with unit metric.","timestamp":"2023-09-20 13:30:13"}
{"level":"info","message":"Cache hit for city ID Test City with unit metric.","timestamp":"2023-09-20 13:30:13"}
{"level":"info","message":"Connected to Redis","timestamp":"2023-09-20 13:30:57"}
{"level":"info","message":"Redis client is now ready","timestamp":"2023-09-20 13:30:57"}
{"level":"info","message":"API counter reset.","timestamp":"2023-09-20 13:30:57"}
{"level":"info","message":"Cache hit for city ID 2618425 with unit metric.","timestamp":"2023-09-20 13:30:57"}
{"level":"info","message":"Cache hit for city ID Test City with unit metric.","timestamp":"2023-09-20 13:30:57"}
{"level":"info","message":"Connected to Redis","timestamp":"2023-09-20 13:32:29"}
{"level":"info","message":"Redis client is now ready","timestamp":"2023-09-20 13:32:29"}
{"level":"info","message":"API counter reset.","timestamp":"2023-09-20 13:32:29"}
{"level":"info","message":"Cache hit for city ID 2618425 with unit metric.","timestamp":"2023-09-20 13:32:29"}
{"level":"info","message":"Cache hit for city ID Test City with unit metric.","timestamp":"2023-09-20 13:32:29"}
{"level":"info","message":"Connected to Redis","timestamp":"2023-09-20 13:34:48"}
{"level":"info","message":"Redis client is now ready","timestamp":"2023-09-20 13:34:48"}
{"level":"info","message":"API counter reset.","timestamp":"2023-09-20 13:34:48"}
{"level":"info","message":"Cache hit for city ID 2618425 with unit metric.","timestamp":"2023-09-20 13:34:48"}
{"level":"info","message":"Cache hit for city ID Test City with unit metric.","timestamp":"2023-09-20 13:34:48"}
{"level":"info","message":"Connected to Redis","timestamp":"2023-09-20 13:43:02"}
{"level":"info","message":"Redis client is now ready","timestamp":"2023-09-20 13:43:02"}
{"level":"info","message":"API counter reset.","timestamp":"2023-09-20 13:43:02"}
{"level":"info","message":"Cache hit for city ID 2618425 with unit metric.","timestamp":"2023-09-20 13:43:02"}
{"level":"info","message":"Cache hit for city ID 2618425 with unit metric.","timestamp":"2023-09-20 13:43:02"}
{"level":"info","message":"Connected to Redis","timestamp":"2023-09-20 14:17:43"}
{"level":"info","message":"Redis client is now ready","timestamp":"2023-09-20 14:17:43"}
{"level":"info","message":"API counter reset.","timestamp":"2023-09-20 14:17:43"}
{"level":"info","message":"Server is running on port 3000","timestamp":"2023-09-20 14:17:43"}
{"level":"info","message":"Cache hit for city ID 2618425 with unit metric.","timestamp":"2023-09-20 14:17:46"}
{"level":"info","message":"Successfully fetched weather for city ID: 2618425","timestamp":"2023-09-20 14:17:46"}
{"level":"info","message":"Connected to Redis","timestamp":"2023-09-20 14:42:03"}
{"level":"info","message":"Redis client is now ready","timestamp":"2023-09-20 14:42:03"}
{"level":"info","message":"API counter reset.","timestamp":"2023-09-20 14:42:03"}
{"level":"info","message":"Server is running on port 3000","timestamp":"2023-09-20 14:42:04"}
{"level":"warn","message":"Invalid parameters received for getWeatherSummary","timestamp":"2023-09-20 14:53:55"}
{"level":"info","message":"Connected to Redis","timestamp":"2023-09-20 14:53:55"}
{"level":"warn","message":"Invalid parameters received for getWeatherSummary","timestamp":"2023-09-20 14:53:55"}
{"level":"warn","message":"Invalid parameters received for getWeatherSummary","timestamp":"2023-09-20 14:53:55"}
{"level":"info","message":"Redis client is now ready","timestamp":"2023-09-20 14:53:55"}
{"level":"info","message":"API counter reset.","timestamp":"2023-09-20 14:53:55"}
{"level":"warn","message":"Invalid parameters received for getWeatherSummary","timestamp":"2023-09-20 14:54:36"}
{"level":"info","message":"Connected to Redis","timestamp":"2023-09-20 14:54:36"}
{"level":"warn","message":"Invalid parameters received for getWeatherSummary","timestamp":"2023-09-20 14:54:36"}
{"level":"warn","message":"Invalid parameters received for getWeatherSummary","timestamp":"2023-09-20 14:54:36"}
{"level":"info","message":"Redis client is now ready","timestamp":"2023-09-20 14:54:36"}
{"level":"info","message":"API counter reset.","timestamp":"2023-09-20 14:54:36"}
{"level":"error","message":"Error in getWeatherSummary: Error: Failed to fetch data","timestamp":"2023-09-20 15:01:12"}
{"level":"info","message":"Connected to Redis","timestamp":"2023-09-20 15:01:12"}
{"level":"info","message":"Redis client is now ready","timestamp":"2023-09-20 15:01:12"}
{"level":"info","message":"API counter reset.","timestamp":"2023-09-20 15:01:12"}
{"level":"error","message":"Error in getWeatherSummary: Error: Failed to fetch data","timestamp":"2023-09-20 15:04:55"}
{"level":"info","message":"Connected to Redis","timestamp":"2023-09-20 15:04:55"}
{"level":"info","message":"Redis client is now ready","timestamp":"2023-09-20 15:04:55"}
{"level":"info","message":"API counter reset.","timestamp":"2023-09-20 15:04:55"}
{"level":"info","message":"Connected to Redis","timestamp":"2023-09-20 15:06:29"}
{"level":"info","message":"Redis client is now ready","timestamp":"2023-09-20 15:06:29"}
{"level":"info","message":"API counter reset.","timestamp":"2023-09-20 15:06:29"}
{"level":"info","message":"Server is running on port 3000","timestamp":"2023-09-20 15:06:29"}
{"level":"info","message":"Cache hit for city ID 2618425 with unit metric.","timestamp":"2023-09-20 15:06:37"}
{"level":"info","message":"Successfully fetched weather for city ID: 2618425","timestamp":"2023-09-20 15:06:37"}
{"level":"info","message":"Connected to Redis","timestamp":"2023-09-20 15:21:21"}
{"level":"info","message":"Redis client is now ready","timestamp":"2023-09-20 15:21:21"}
{"level":"info","message":"API counter reset.","timestamp":"2023-09-20 15:21:21"}
{"level":"info","message":"Server is running on port 3000","timestamp":"2023-09-20 15:21:21"}
{"level":"error","message":"Error fetching weather data for city ID 2618425: Redis client is not ready","timestamp":"2023-09-20 15:21:28"}
{"level":"error","message":"Error in getCityWeather: Error: Redis client is not ready","timestamp":"2023-09-20 15:21:28"}
{"level":"info","message":"Connected to Redis","timestamp":"2023-09-20 15:22:40"}
{"level":"info","message":"Redis client is now ready","timestamp":"2023-09-20 15:22:40"}
{"level":"info","message":"API counter reset.","timestamp":"2023-09-20 15:22:40"}
{"level":"info","message":"Server is running on port 3000","timestamp":"2023-09-20 15:22:40"}
{"level":"error","message":"Error fetching weather data for city ID 2618425: Redis client is not ready","timestamp":"2023-09-20 15:22:47"}
{"level":"error","message":"Error in getCityWeather: Error: Redis client is not ready","timestamp":"2023-09-20 15:22:47"}
{"level":"error","message":"Error fetching weather data for city ID 2618425: Redis client is not ready","timestamp":"2023-09-20 15:22:55"}
{"level":"error","message":"Error fetching weather data for city ID 3621849: Redis client is not ready","timestamp":"2023-09-20 15:22:55"}
{"level":"error","message":"Error fetching weather data for city ID 3133880: Redis client is not ready","timestamp":"2023-09-20 15:22:55"}
{"level":"error","message":"Error in getWeatherSummary: Error: Redis client is not ready","timestamp":"2023-09-20 15:22:55"}
{"level":"info","message":"Server is running on port 3000","timestamp":"2023-09-20 15:24:09"}
{"level":"info","message":"Cache hit for city ID 2618425 with unit metric.","timestamp":"2023-09-20 15:24:16"}
{"level":"info","message":"Cache hit for city ID 3621849 with unit metric.","timestamp":"2023-09-20 15:24:16"}
{"level":"info","message":"Cache hit for city ID 3133880 with unit metric.","timestamp":"2023-09-20 15:24:16"}
{"level":"info","message":"Cache hit for city ID 2618425 with unit metric.","timestamp":"2023-09-20 15:24:21"}
{"level":"info","message":"Successfully fetched weather for city ID: 2618425","timestamp":"2023-09-20 15:24:21"}
{"level":"info","message":"Cache hit for city ID 2618425 with unit metric.","timestamp":"2023-09-20 15:24:25"}
{"level":"info","message":"Cache hit for city ID 3621849 with unit metric.","timestamp":"2023-09-20 15:24:25"}
{"level":"info","message":"Cache hit for city ID 3133880 with unit metric.","timestamp":"2023-09-20 15:24:25"}
{"level":"error","message":"Error in getWeatherSummary: Error: Failed to fetch data","timestamp":"2023-09-20 15:27:24"}
{"level":"warn","message":"Invalid parameters received for getWeatherSummary","timestamp":"2023-09-20 15:30:22"}
{"level":"error","message":"Error in getWeatherSummary: Error: Failed to fetch data","timestamp":"2023-09-20 15:30:22"}
{"level":"info","message":"Successfully fetched weather for city ID: 2618425","timestamp":"2023-09-20 15:30:22"}
{"level":"info","message":"Server is running on port 3000","timestamp":"2023-09-20 15:30:22"}
{"level":"warn","message":"Invalid parameters received for getWeatherSummary","timestamp":"2023-09-20 15:41:04"}
{"level":"error","message":"Error in getWeatherSummary: Error: Failed to fetch data","timestamp":"2023-09-20 15:41:04"}
{"level":"info","message":"Successfully fetched weather for city ID: 2618425","timestamp":"2023-09-20 15:41:04"}
{"level":"info","message":"Server is running on port 3000","timestamp":"2023-09-20 15:41:04"}
{"level":"info","message":"Server is running on port 3000","timestamp":"2023-09-20 15:45:16"}
{"level":"warn","message":"Invalid parameters received for getWeatherSummary","timestamp":"2023-09-20 16:00:26"}
{"level":"error","message":"Error in getWeatherSummary: Error: Failed to fetch data","timestamp":"2023-09-20 16:00:26"}
{"level":"info","message":"Successfully fetched weather for city ID: 2618425","timestamp":"2023-09-20 16:00:26"}
{"level":"info","message":"Successfully fetched weather for city ID: 2618425","timestamp":"2023-09-20 16:00:26"}
{"level":"warn","message":"Invalid parameters received for getWeatherSummary","timestamp":"2023-09-20 16:00:48"}
{"level":"error","message":"Error in getWeatherSummary: Error: Failed to fetch data","timestamp":"2023-09-20 16:00:48"}
{"level":"info","message":"Successfully fetched weather for city ID: 2618425","timestamp":"2023-09-20 16:00:48"}
{"level":"info","message":"Successfully fetched weather for city ID: 2618425","timestamp":"2023-09-20 16:00:48"}
{"level":"info","message":"Server is running on port 3000","timestamp":"2023-09-20 16:20:02"}
{"level":"info","message":"Cache hit for city ID 2618425 with unit metric.","timestamp":"2023-09-20 16:20:05"}
{"level":"info","message":"Cache hit for city ID 3621849 with unit metric.","timestamp":"2023-09-20 16:20:05"}
{"level":"info","message":"Cache hit for city ID 3133880 with unit metric.","timestamp":"2023-09-20 16:20:05"}
{"level":"info","message":"Cache hit for city ID 2618425 with unit metric.","timestamp":"2023-09-20 16:20:08"}
{"level":"info","message":"Successfully fetched weather for city ID: 2618425","timestamp":"2023-09-20 16:20:08"}
{"level":"info","message":"Cache hit for city ID 2618425 with unit metric.","timestamp":"2023-09-20 16:20:09"}
{"level":"info","message":"Successfully fetched weather for city ID: 2618425","timestamp":"2023-09-20 16:20:09"}
{"level":"warn","message":"Invalid parameters received for getWeatherSummary","timestamp":"2023-09-20 16:24:30"}
{"level":"error","message":"Error in getWeatherSummary: Error: Failed to fetch data","timestamp":"2023-09-20 16:24:30"}
{"level":"info","message":"Successfully fetched weather for city ID: 2618425","timestamp":"2023-09-20 16:24:30"}
{"level":"info","message":"Successfully fetched weather for city ID: 2618425","timestamp":"2023-09-20 16:24:30"}
{"level":"info","message":"Server is running on port 3000","timestamp":"2023-09-20 16:27:05"}
{"level":"info","message":"Cache hit for city ID 2618425 with unit metric.","timestamp":"2023-09-20 16:27:08"}
{"level":"info","message":"Successfully fetched weather for city ID: 2618425","timestamp":"2023-09-20 16:27:08"}
{"level":"info","message":"Cache hit for city ID 2618425 with unit metric.","timestamp":"2023-09-20 16:27:11"}
{"level":"info","message":"Cache hit for city ID 3621849 with unit metric.","timestamp":"2023-09-20 16:27:11"}
{"level":"info","message":"Cache hit for city ID 3133880 with unit metric.","timestamp":"2023-09-20 16:27:11"}
{"level":"info","message":"Server is running on port 3000","timestamp":"2023-09-20 16:30:34"}
{"level":"info","message":"Cache hit for city ID 2618425 with unit metric.","timestamp":"2023-09-20 16:30:42"}
{"level":"info","message":"Cache hit for city ID 3621849 with unit metric.","timestamp":"2023-09-20 16:30:42"}
{"level":"info","message":"Cache hit for city ID 3133880 with unit metric.","timestamp":"2023-09-20 16:30:42"}
{"level":"info","message":"Cache hit for city ID 2618425 with unit metric.","timestamp":"2023-09-20 16:30:44"}
{"level":"info","message":"Successfully fetched weather for city ID: 2618425","timestamp":"2023-09-20 16:30:44"}
{"level":"info","message":"Server is running on port 3000","timestamp":"2023-09-20 16:36:40"}
{"level":"info","message":"Cache hit for city ID 2618425 with unit metric.","timestamp":"2023-09-20 16:36:43"}
{"level":"info","message":"Successfully fetched weather for city ID: 2618425","timestamp":"2023-09-20 16:36:43"}
{"level":"info","message":"Cache hit for city ID 2618425 with unit metric.","timestamp":"2023-09-20 16:36:45"}
{"level":"info","message":"Cache hit for city ID 3621849 with unit metric.","timestamp":"2023-09-20 16:36:45"}
{"level":"info","message":"Cache hit for city ID 3133880 with unit metric.","timestamp":"2023-09-20 16:36:45"}
{"level":"info","message":"Successfully fetched filtered cities","timestamp":"2023-09-20 16:36:45"}
{"level":"info","message":"Successfully fetched filtered cities","timestamp":"2023-09-20 16:37:16"}
{"level":"warn","message":"Invalid parameters received for getWeatherSummary","timestamp":"2023-09-20 16:37:16"}
{"level":"error","message":"Error in getWeatherSummary: Error: Failed to fetch data","timestamp":"2023-09-20 16:37:16"}
{"level":"info","message":"Successfully fetched weather for city ID: 2618425","timestamp":"2023-09-20 16:37:16"}
{"level":"info","message":"Successfully fetched filtered cities","timestamp":"2023-09-20 16:37:16"}
{"level":"info","message":"Successfully fetched weather for city ID: 2618425","timestamp":"2023-09-20 16:37:16"}
{"level":"info","message":"Successfully fetched filtered cities","timestamp":"2023-09-20 16:40:39"}
{"level":"warn","message":"Invalid parameters received for getWeatherSummary","timestamp":"2023-09-20 16:40:39"}
{"level":"error","message":"Error in getWeatherSummary: Error: Failed to fetch data","timestamp":"2023-09-20 16:40:39"}
{"level":"info","message":"Successfully fetched weather for city ID: 2618425","timestamp":"2023-09-20 16:40:39"}
{"level":"info","message":"Successfully fetched filtered cities","timestamp":"2023-09-20 16:40:39"}
{"level":"info","message":"Successfully fetched weather for city ID: 2618425","timestamp":"2023-09-20 16:40:39"}
{"level":"info","message":"Server is running on port 3000","timestamp":"2023-09-20 16:40:43"}
{"level":"info","message":"Cache hit for city ID 2618425 with unit metric.","timestamp":"2023-09-20 16:40:46"}
{"level":"info","message":"Cache hit for city ID 3621849 with unit metric.","timestamp":"2023-09-20 16:40:46"}
{"level":"info","message":"Cache hit for city ID 3133880 with unit metric.","timestamp":"2023-09-20 16:40:46"}
{"level":"info","message":"Successfully fetched filtered cities","timestamp":"2023-09-20 16:40:46"}
{"level":"info","message":"Cache hit for city ID 2618425 with unit metric.","timestamp":"2023-09-20 16:40:47"}
{"level":"info","message":"Successfully fetched weather for city ID: 2618425","timestamp":"2023-09-20 16:40:47"}
{"level":"info","message":"Connected to Redis","timestamp":"2023-09-20 16:50:38"}
{"level":"info","message":"Redis client is now ready","timestamp":"2023-09-20 16:50:38"}
{"level":"info","message":"Server is running on port 3000","timestamp":"2023-09-20 16:50:38"}
{"level":"info","message":"Cache hit for city ID 2618425 with unit metric.","timestamp":"2023-09-20 16:50:43"}
{"level":"info","message":"Successfully fetched weather for city ID: 2618425","timestamp":"2023-09-20 16:50:43"}
{"level":"info","message":"Cache hit for city ID 2618425 with unit metric.","timestamp":"2023-09-20 16:50:47"}
{"level":"info","message":"Cache hit for city ID 3621849 with unit metric.","timestamp":"2023-09-20 16:50:47"}
{"level":"info","message":"Cache hit for city ID 3133880 with unit metric.","timestamp":"2023-09-20 16:50:47"}
{"level":"info","message":"Successfully fetched filtered cities","timestamp":"2023-09-20 16:50:47"}
{"level":"info","message":"Connected to Redis","timestamp":"2023-09-20 17:00:39"}
{"level":"info","message":"Redis client is now ready","timestamp":"2023-09-20 17:00:39"}
{"level":"info","message":"Server is running on port 3000","timestamp":"2023-09-20 17:00:39"}
{"level":"info","message":"Cache hit for city ID 2618425 with unit metric.","timestamp":"2023-09-20 17:00:41"}
{"level":"info","message":"Successfully fetched weather for city ID: 2618425","timestamp":"2023-09-20 17:00:41"}
{"level":"info","message":"Cache hit for city ID 2618425 with unit metric.","timestamp":"2023-09-20 17:00:43"}
{"level":"info","message":"Cache hit for city ID 3621849 with unit metric.","timestamp":"2023-09-20 17:00:43"}
{"level":"info","message":"Cache hit for city ID 3133880 with unit metric.","timestamp":"2023-09-20 17:00:43"}
{"level":"info","message":"Successfully fetched filtered cities","timestamp":"2023-09-20 17:00:43"}
{"level":"info","message":"Connected to Redis","timestamp":"2023-09-20 17:00:51"}
{"level":"info","message":"Connected to Redis","timestamp":"2023-09-20 17:00:51"}
{"level":"info","message":"Redis client is now ready","timestamp":"2023-09-20 17:00:51"}
{"level":"info","message":"Redis client is now ready","timestamp":"2023-09-20 17:00:51"}
{"level":"info","message":"Successfully fetched filtered cities","timestamp":"2023-09-20 17:00:51"}
{"level":"warn","message":"Invalid parameters received for getWeatherSummary","timestamp":"2023-09-20 17:00:51"}
{"level":"error","message":"Error in getWeatherSummary: Error: Failed to fetch data","timestamp":"2023-09-20 17:00:51"}
{"level":"info","message":"Successfully fetched weather for city ID: 2618425","timestamp":"2023-09-20 17:00:51"}
{"level":"info","message":"Successfully fetched filtered cities","timestamp":"2023-09-20 17:00:51"}
{"level":"info","message":"Successfully fetched weather for city ID: 2618425","timestamp":"2023-09-20 17:00:51"}
{"level":"info","message":"Connected to Redis","timestamp":"2023-09-20 17:09:54"}
{"level":"info","message":"Redis client is now ready","timestamp":"2023-09-20 17:09:54"}
{"level":"info","message":"Connected to Redis","timestamp":"2023-09-20 17:09:54"}
{"level":"info","message":"Redis client is now ready","timestamp":"2023-09-20 17:09:54"}
{"level":"info","message":"Successfully fetched filtered cities","timestamp":"2023-09-20 17:09:54"}
{"level":"warn","message":"Invalid parameters received for getWeatherSummary","timestamp":"2023-09-20 17:09:54"}
{"level":"error","message":"Error in getWeatherSummary: Error: Failed to fetch data","timestamp":"2023-09-20 17:09:54"}
{"level":"info","message":"Successfully fetched weather for city ID: 2618425","timestamp":"2023-09-20 17:09:54"}
{"level":"info","message":"Successfully fetched filtered cities","timestamp":"2023-09-20 17:09:54"}
{"level":"info","message":"Successfully fetched weather for city ID: 2618425","timestamp":"2023-09-20 17:09:54"}
{"level":"info","message":"Connected to Redis","timestamp":"2023-09-20 17:10:57"}
{"level":"info","message":"Redis client is now ready","timestamp":"2023-09-20 17:10:57"}
{"level":"info","message":"Connected to Redis","timestamp":"2023-09-20 17:10:57"}
{"level":"info","message":"Redis client is now ready","timestamp":"2023-09-20 17:10:57"}
{"level":"info","message":"Successfully fetched filtered cities","timestamp":"2023-09-20 17:10:57"}
{"level":"warn","message":"Invalid parameters received for getWeatherSummary","timestamp":"2023-09-20 17:10:57"}
{"level":"error","message":"Error in getWeatherSummary: Error: Failed to fetch data","timestamp":"2023-09-20 17:10:57"}
{"level":"info","message":"Successfully fetched weather for city ID: 2618425","timestamp":"2023-09-20 17:10:57"}
{"level":"info","message":"Successfully fetched filtered cities","timestamp":"2023-09-20 17:10:57"}
{"level":"info","message":"Successfully fetched weather for city ID: 2618425","timestamp":"2023-09-20 17:10:57"}
{"level":"info","message":"Connected to Redis","timestamp":"2023-09-20 17:12:00"}
{"level":"info","message":"Redis client is now ready","timestamp":"2023-09-20 17:12:00"}
{"level":"info","message":"Connected to Redis","timestamp":"2023-09-20 17:12:00"}
{"level":"info","message":"Redis client is now ready","timestamp":"2023-09-20 17:12:00"}
{"level":"info","message":"Successfully fetched filtered cities","timestamp":"2023-09-20 17:12:00"}
{"level":"warn","message":"Invalid parameters received for getWeatherSummary","timestamp":"2023-09-20 17:12:00"}
{"level":"error","message":"Error in getWeatherSummary: Error: Failed to fetch data","timestamp":"2023-09-20 17:12:00"}
{"level":"info","message":"Successfully fetched weather for city ID: 2618425","timestamp":"2023-09-20 17:12:00"}
{"level":"info","message":"Successfully fetched filtered cities","timestamp":"2023-09-20 17:12:00"}
{"level":"info","message":"Successfully fetched weather for city ID: 2618425","timestamp":"2023-09-20 17:12:00"}
{"level":"info","message":"Connected to Redis","timestamp":"2023-09-20 17:14:05"}
{"level":"info","message":"Redis client is now ready","timestamp":"2023-09-20 17:14:05"}
{"level":"info","message":"Connected to Redis","timestamp":"2023-09-20 17:14:05"}
{"level":"info","message":"Redis client is now ready","timestamp":"2023-09-20 17:14:05"}
{"level":"info","message":"Successfully fetched filtered cities","timestamp":"2023-09-20 17:14:05"}
{"level":"warn","message":"Invalid parameters received for getWeatherSummary","timestamp":"2023-09-20 17:14:05"}
{"level":"error","message":"Error in getWeatherSummary: Error: Failed to fetch data","timestamp":"2023-09-20 17:14:05"}
{"level":"info","message":"Successfully fetched weather for city ID: 2618425","timestamp":"2023-09-20 17:14:05"}
{"level":"info","message":"Successfully fetched filtered cities","timestamp":"2023-09-20 17:14:05"}
{"level":"info","message":"Successfully fetched weather for city ID: 2618425","timestamp":"2023-09-20 17:14:05"}
{"level":"info","message":"Connected to Redis","timestamp":"2023-09-20 17:15:45"}
{"level":"info","message":"Redis client is now ready","timestamp":"2023-09-20 17:15:45"}
{"level":"info","message":"Connected to Redis","timestamp":"2023-09-20 17:15:45"}
{"level":"info","message":"Redis client is now ready","timestamp":"2023-09-20 17:15:45"}
{"level":"info","message":"Successfully fetched filtered cities","timestamp":"2023-09-20 17:15:46"}
{"level":"warn","message":"Invalid parameters received for getWeatherSummary","timestamp":"2023-09-20 17:15:46"}
{"level":"error","message":"Error in getWeatherSummary: Error: Failed to fetch data","timestamp":"2023-09-20 17:15:46"}
{"level":"info","message":"Successfully fetched weather for city ID: 2618425","timestamp":"2023-09-20 17:15:46"}
{"level":"info","message":"Successfully fetched filtered cities","timestamp":"2023-09-20 17:15:46"}
{"level":"info","message":"Successfully fetched weather for city ID: 2618425","timestamp":"2023-09-20 17:15:46"}
